c:\dev\gfx\gfx_first\gfx_first\x64\debug\vc143.pdb
c:\dev\gfx\gfx_first\gfx_first\x64\debug\vc143.idb
c:\dev\gfx\gfx_first\gfx_first\x64\debug\source.obj
c:\dev\gfx\gfx_first\x64\debug\gfx_first.pdb
c:\dev\gfx\gfx_first\gfx_first\x64\debug\gfx_first.tlog\cl.command.1.tlog
c:\dev\gfx\gfx_first\gfx_first\x64\debug\gfx_first.tlog\cl.read.1.tlog
c:\dev\gfx\gfx_first\gfx_first\x64\debug\gfx_first.tlog\cl.write.1.tlog
c:\dev\gfx\gfx_first\gfx_first\x64\debug\gfx_first.tlog\link-cvtres.read.1.tlog
c:\dev\gfx\gfx_first\gfx_first\x64\debug\gfx_first.tlog\link-cvtres.write.1.tlog
c:\dev\gfx\gfx_first\gfx_first\x64\debug\gfx_first.tlog\link-rc.read.1.tlog
c:\dev\gfx\gfx_first\gfx_first\x64\debug\gfx_first.tlog\link-rc.write.1.tlog
c:\dev\gfx\gfx_first\gfx_first\x64\debug\gfx_first.tlog\link.10544-cvtres.read.1.tlog
c:\dev\gfx\gfx_first\gfx_first\x64\debug\gfx_first.tlog\link.10544-cvtres.write.1.tlog
c:\dev\gfx\gfx_first\gfx_first\x64\debug\gfx_first.tlog\link.10544-rc.read.1.tlog
c:\dev\gfx\gfx_first\gfx_first\x64\debug\gfx_first.tlog\link.10544-rc.write.1.tlog
c:\dev\gfx\gfx_first\gfx_first\x64\debug\gfx_first.tlog\link.10544.read.1.tlog
c:\dev\gfx\gfx_first\gfx_first\x64\debug\gfx_first.tlog\link.10544.read.2.tlog
c:\dev\gfx\gfx_first\gfx_first\x64\debug\gfx_first.tlog\link.10544.write.1.tlog
c:\dev\gfx\gfx_first\gfx_first\x64\debug\gfx_first.tlog\link.command.1.tlog
c:\dev\gfx\gfx_first\gfx_first\x64\debug\gfx_first.tlog\link.read.1.tlog
c:\dev\gfx\gfx_first\gfx_first\x64\debug\gfx_first.tlog\link.read.2.tlog
c:\dev\gfx\gfx_first\gfx_first\x64\debug\gfx_first.tlog\link.read.3.tlog
c:\dev\gfx\gfx_first\gfx_first\x64\debug\gfx_first.tlog\link.write.1.tlog
